<?xml version="1.0" encoding="UTF-8"?>
<Site BuildName="(empty)"
	BuildStamp="20251008-0805-Experimental"
	Name="danny-Legion-Y7000P-IRX9"
	Generator="ctest-3.22.1"
	CompilerName="/usr/bin/g++"
	CompilerVersion="11.4.0"
	OSName="Linux"
	Hostname="danny-Legion-Y7000P-IRX9"
	OSRelease="6.8.0-85-generic"
	OSVersion="#85~22.04.1-Ubuntu SMP PREEMPT_DYNAMIC Fri Sep 19 16:18:59 UTC 2"
	OSPlatform="x86_64"
	Is64Bits="1"
	VendorString="GenuineIntel"
	VendorID="Intel Corporation"
	FamilyID="6"
	ModelID="183"
	ProcessorCacheSize="33792"
	NumberOfLogicalCPU="28"
	NumberOfPhysicalCPU="20"
	TotalVirtualMemory="3905"
	TotalPhysicalMemory="31798"
	LogicalProcessorsPerPhysical="1"
	ProcessorClockFrequency="915.688"
	>
	<Testing>
		<StartDateTime>Oct 08 16:05 CST</StartDateTime>
		<StartTestTime>1759910747</StartTestTime>
		<TestList/>
		<EndDateTime>Oct 08 16:05 CST</EndDateTime>
		<EndTestTime>1759910747</EndTestTime>
		<ElapsedMinutes>0</ElapsedMinutes>
	</Testing>
</Site>
